<?xml version="1.0" encoding="UTF-8"?>
<!-- Generated by org.testng.reporters.JUnitXMLReporter -->
<testsuite hostname="8V7SXX1MUSTFA" name="Default test" tests="7" failures="0" timestamp="26 Aug 2015 06:12:39 GMT" time="0.043" errors="0">
  <testcase name="Test" time="0.012" classname="com.companyname.automobile.AppTest"/>
  <testcase name="TestUtil" time="0.006" classname="com.companyname.automobile.AppTest"/>
  <testcase name="Test" time="0.001" classname="com.companyname.automobile.UtilTest"/>
  <testcase name="Test2" time="0.0" classname="com.companyname.automobile.UtilTest"/>
  <testcase name="Test3" time="0.0" classname="com.companyname.automobile.UtilTest"/>
  <testcase name="Test4" time="0.001" classname="com.companyname.automobile.UtilTest"/>
  <testcase name="TestUtil" time="0.001" classname="com.companyname.automobile.UtilTest"/>
</testsuite> <!-- Default test -->
