<?xml version="1.0" encoding="UTF-8"?>
<testng-results skipped="0" failed="0" total="7" passed="7">
  <reporter-output>
  </reporter-output>
  <suite name="Default suite" duration-ms="43" started-at="2015-08-26T06:12:39Z" finished-at="2015-08-26T06:12:39Z">
    <groups>
    </groups>
    <test name="Default test" duration-ms="43" started-at="2015-08-26T06:12:39Z" finished-at="2015-08-26T06:12:39Z">
      <class name="com.companyname.automobile.UtilTest">
        <test-method status="PASS" signature="Test()[pri:0, instance:com.companyname.automobile.UtilTest@1368b99]" name="Test" duration-ms="1" started-at="2015-08-26T11:42:39Z" finished-at="2015-08-26T11:42:39Z">
          <reporter-output>
          </reporter-output>
        </test-method> <!-- Test -->
        <test-method status="PASS" signature="Test2()[pri:0, instance:com.companyname.automobile.UtilTest@1368b99]" name="Test2" duration-ms="0" started-at="2015-08-26T11:42:39Z" finished-at="2015-08-26T11:42:39Z">
          <reporter-output>
          </reporter-output>
        </test-method> <!-- Test2 -->
        <test-method status="PASS" signature="Test3()[pri:0, instance:com.companyname.automobile.UtilTest@1368b99]" name="Test3" duration-ms="0" started-at="2015-08-26T11:42:39Z" finished-at="2015-08-26T11:42:39Z">
          <reporter-output>
          </reporter-output>
        </test-method> <!-- Test3 -->
        <test-method status="PASS" signature="Test4()[pri:0, instance:com.companyname.automobile.UtilTest@1368b99]" name="Test4" duration-ms="1" started-at="2015-08-26T11:42:39Z" finished-at="2015-08-26T11:42:39Z">
          <reporter-output>
          </reporter-output>
        </test-method> <!-- Test4 -->
        <test-method status="PASS" signature="TestUtil()[pri:0, instance:com.companyname.automobile.UtilTest@1368b99]" name="TestUtil" duration-ms="1" started-at="2015-08-26T11:42:39Z" finished-at="2015-08-26T11:42:39Z">
          <reporter-output>
          </reporter-output>
        </test-method> <!-- TestUtil -->
      </class> <!-- com.companyname.automobile.UtilTest -->
      <class name="com.companyname.automobile.AppTest">
        <test-method status="PASS" signature="Test()[pri:0, instance:com.companyname.automobile.AppTest@fd44cb]" name="Test" duration-ms="12" started-at="2015-08-26T11:42:39Z" finished-at="2015-08-26T11:42:39Z">
          <reporter-output>
          </reporter-output>
        </test-method> <!-- Test -->
        <test-method status="PASS" signature="TestUtil()[pri:0, instance:com.companyname.automobile.AppTest@fd44cb]" name="TestUtil" duration-ms="6" started-at="2015-08-26T11:42:39Z" finished-at="2015-08-26T11:42:39Z">
          <reporter-output>
          </reporter-output>
        </test-method> <!-- TestUtil -->
      </class> <!-- com.companyname.automobile.AppTest -->
    </test> <!-- Default test -->
  </suite> <!-- Default suite -->
</testng-results>
