<?xml version="1.0" encoding="UTF-8"?>
<!-- Generated by org.testng.reporters.JUnitXMLReporter -->
<testsuite hostname="8V7SXX1MUSTFA" name="demo1" tests="8" failures="0" timestamp="26 Aug 2015 11:40:10 GMT" time="0.047" errors="0">
  <testcase name="Test" time="0.01" classname="com.companyname.automobile.AppTest"/>
  <testcase name="TestUtil" time="0.016" classname="com.companyname.automobile.AppTest"/>
  <testcase name="testDate" time="0.001" classname="com.companyname.ui.UITest"/>
  <testcase name="Test" time="0.001" classname="com.companyname.automobile.UtilTest"/>
  <testcase name="Test2" time="0.001" classname="com.companyname.automobile.UtilTest"/>
  <testcase name="Test3" time="0.001" classname="com.companyname.automobile.UtilTest"/>
  <testcase name="Test4" time="0.0" classname="com.companyname.automobile.UtilTest"/>
  <testcase name="TestUtil" time="0.0" classname="com.companyname.automobile.UtilTest"/>
</testsuite> <!-- demo1 -->
