<?xml version="1.0"?>
<!DOCTYPE coverage SYSTEM "http://cobertura.sourceforge.net/xml/coverage-04.dtd">

<coverage line-rate="0.4" branch-rate="1.0" lines-covered="2" lines-valid="5" branches-covered="0" branches-valid="0" complexity="1.0" version="2.0.3" timestamp="1440569504342">
	<sources>
		<source>--source</source>
		<source>C:/Jenkins/workspace/Maven/carAssembly/src/main/java</source>
	</sources>
	<packages>
		<package name="com.companyname.automobile" line-rate="0.4" branch-rate="1.0" complexity="1.0">
			<classes>
				<class name="com.companyname.automobile.App" filename="com/companyname/automobile/App.java" line-rate="0.0" branch-rate="1.0" complexity="1.0">
					<methods>
						<method name="&lt;init&gt;" signature="()V" line-rate="0.0" branch-rate="1.0">
							<lines>
								<line number="7" hits="0" branch="false"/>
							</lines>
						</method>
						<method name="main" signature="([Ljava/lang/String;)V" line-rate="0.0" branch-rate="1.0">
							<lines>
								<line number="11" hits="0" branch="false"/>
								<line number="12" hits="0" branch="false"/>
							</lines>
						</method>
					</methods>
					<lines>
						<line number="7" hits="0" branch="false"/>
						<line number="11" hits="0" branch="false"/>
						<line number="12" hits="0" branch="false"/>
					</lines>
				</class>
				<class name="com.companyname.automobile.Util" filename="com/companyname/automobile/Util.java" line-rate="1.0" branch-rate="1.0" complexity="1.0">
					<methods>
						<method name="&lt;init&gt;" signature="()V" line-rate="1.0" branch-rate="1.0">
							<lines>
								<line number="3" hits="2" branch="false"/>
							</lines>
						</method>
						<method name="getName" signature="()I" line-rate="1.0" branch-rate="1.0">
							<lines>
								<line number="6" hits="2" branch="false"/>
							</lines>
						</method>
					</methods>
					<lines>
						<line number="3" hits="2" branch="false"/>
						<line number="6" hits="2" branch="false"/>
					</lines>
				</class>
			</classes>
		</package>
	</packages>
</coverage>
